============================================================
  Generated by:           Genus(TM) Synthesis Solution 21.14-s082_1
  Generated on:           Nov 05 2025  05:29:07 pm
  Module:                 rsa_top
  Technology libraries:   fast_vdd1v0 1.0
                          physical_cells 
  Operating conditions:   PVT_1P1V_0C 
  Interconnect mode:      global
  Area mode:              physical library
============================================================

                                   
    Gate     Instances     Area        Library    
--------------------------------------------------
ACHCONX2            62     784.548    fast_vdd1v0 
ADDFHX1            216    1625.184    fast_vdd1v0 
ADDFHX2            273    2240.784    fast_vdd1v0 
ADDFHX4             21     201.096    fast_vdd1v0 
ADDFHXL              4      30.096    fast_vdd1v0 
ADDFX1             291    1492.830    fast_vdd1v0 
ADDHX1              40     150.480    fast_vdd1v0 
ADDHX2              15      76.950    fast_vdd1v0 
ADDHX4               7      50.274    fast_vdd1v0 
AND2X1             308     421.344    fast_vdd1v0 
AND2X2              68     116.280    fast_vdd1v0 
AND2X4              76     207.936    fast_vdd1v0 
AND2X6             277    1042.074    fast_vdd1v0 
AND2X8              33     146.718    fast_vdd1v0 
AND2XL               1       1.368    fast_vdd1v0 
AND3X1               1       2.394    fast_vdd1v0 
AND3X4               3       9.234    fast_vdd1v0 
AND3X6              10      44.460    fast_vdd1v0 
AND3XL               4       8.208    fast_vdd1v0 
AND4X1               1       2.394    fast_vdd1v0 
AND4X6               1       5.814    fast_vdd1v0 
AO21X1              69     165.186    fast_vdd1v0 
AO21X2              13      35.568    fast_vdd1v0 
AO21X4              13      44.460    fast_vdd1v0 
AO22X1             151     413.136    fast_vdd1v0 
AO22X2              18      55.404    fast_vdd1v0 
AO22X4              38     142.956    fast_vdd1v0 
AOI211X1             1       2.394    fast_vdd1v0 
AOI211X2             1       3.420    fast_vdd1v0 
AOI211X4            36     233.928    fast_vdd1v0 
AOI211XL             1       2.052    fast_vdd1v0 
AOI21X1            122     208.620    fast_vdd1v0 
AOI21X2            169     462.384    fast_vdd1v0 
AOI21X4           1266    6494.580    fast_vdd1v0 
AOI21XL             24      41.040    fast_vdd1v0 
AOI221X4            20     157.320    fast_vdd1v0 
AOI222X1            32      98.496    fast_vdd1v0 
AOI222X4             6      57.456    fast_vdd1v0 
AOI22X1             60     123.120    fast_vdd1v0 
AOI22X2            105     395.010    fast_vdd1v0 
AOI22X4            285    1754.460    fast_vdd1v0 
AOI22XL              1       2.052    fast_vdd1v0 
AOI2BB1X1           41      84.132    fast_vdd1v0 
AOI2BB1X2           53     163.134    fast_vdd1v0 
AOI2BB1X4          222     911.088    fast_vdd1v0 
AOI2BB1XL            2       4.104    fast_vdd1v0 
AOI2BB2X1           10      34.200    fast_vdd1v0 
AOI2BB2X2            9      46.170    fast_vdd1v0 
AOI2BB2X4          135    1015.740    fast_vdd1v0 
AOI31X1             33      67.716    fast_vdd1v0 
AOI31X2             14      47.880    fast_vdd1v0 
AOI31X4             28     181.944    fast_vdd1v0 
AOI32X1              2       4.788    fast_vdd1v0 
AOI32X4              4      31.464    fast_vdd1v0 
BMXIX2              52     391.248    fast_vdd1v0 
BUFX12             143     733.590    fast_vdd1v0 
BUFX16              82     560.880    fast_vdd1v0 
BUFX2              808    1381.680    fast_vdd1v0 
BUFX20              62     508.896    fast_vdd1v0 
BUFX3              345     707.940    fast_vdd1v0 
BUFX4              105     251.370    fast_vdd1v0 
BUFX6              560    1723.680    fast_vdd1v0 
BUFX8               10      37.620    fast_vdd1v0 
CLKAND2X12         593    4461.732    fast_vdd1v0 
CLKAND2X2          126     258.552    fast_vdd1v0 
CLKAND2X3          243     747.954    fast_vdd1v0 
CLKAND2X4           65     222.300    fast_vdd1v0 
CLKAND2X6          812    3887.856    fast_vdd1v0 
CLKAND2X8           28     162.792    fast_vdd1v0 
CLKBUFX12           14      71.820    fast_vdd1v0 
CLKBUFX16           32     218.880    fast_vdd1v0 
CLKBUFX2            84     143.640    fast_vdd1v0 
CLKBUFX20           12      98.496    fast_vdd1v0 
CLKBUFX3            53     108.756    fast_vdd1v0 
CLKBUFX4            15      35.910    fast_vdd1v0 
CLKBUFX6             6      18.468    fast_vdd1v0 
CLKBUFX8            16      60.192    fast_vdd1v0 
CLKINVX1            15      15.390    fast_vdd1v0 
CLKINVX12          741    3041.064    fast_vdd1v0 
CLKINVX16          201    1099.872    fast_vdd1v0 
CLKINVX2            40      54.720    fast_vdd1v0 
CLKINVX20           79     513.342    fast_vdd1v0 
CLKINVX3            95     162.450    fast_vdd1v0 
CLKINVX4           573     979.830    fast_vdd1v0 
CLKINVX6           827    1979.838    fast_vdd1v0 
CLKINVX8          1130    3478.140    fast_vdd1v0 
CLKMX2X2            33     101.574    fast_vdd1v0 
CLKMX2X3            69     283.176    fast_vdd1v0 
CLKMX2X6             2       8.892    fast_vdd1v0 
CLKXOR2X1         1477    4041.072    fast_vdd1v0 
CLKXOR2X2          351    1200.420    fast_vdd1v0 
CLKXOR2X4            4      17.784    fast_vdd1v0 
CLKXOR2X8            8      46.512    fast_vdd1v0 
DFFHQX1            213    1165.536    fast_vdd1v0 
DFFHQX4             23     188.784    fast_vdd1v0 
DFFHQX8              3      27.702    fast_vdd1v0 
DFFQX2              42     272.916    fast_vdd1v0 
DFFQXL              81     443.232    fast_vdd1v0 
DFFRHQX1           120     738.720    fast_vdd1v0 
DFFRHQX2            15     117.990    fast_vdd1v0 
DFFRHQX4            41     392.616    fast_vdd1v0 
DFFRHQX8            26     293.436    fast_vdd1v0 
DFFRX1               1       6.840    fast_vdd1v0 
DFFRX2              51     383.724    fast_vdd1v0 
DFFRX4               1       9.576    fast_vdd1v0 
DFFRXL               1       8.550    fast_vdd1v0 
DFFTRX2             28     229.824    fast_vdd1v0 
DFFTRXL              1       7.866    fast_vdd1v0 
DFFX1                1       7.182    fast_vdd1v0 
DLY1X1               1       3.078    fast_vdd1v0 
DLY1X4               2       7.524    fast_vdd1v0 
DLY2X4               3      20.520    fast_vdd1v0 
DLY3X4               2      17.784    fast_vdd1v0 
DLY4X4               1      10.602    fast_vdd1v0 
INVX1             1332     911.088    fast_vdd1v0 
INVX12              15      61.560    fast_vdd1v0 
INVX16               2      10.944    fast_vdd1v0 
INVX2              637     653.562    fast_vdd1v0 
INVX20               1       6.498    fast_vdd1v0 
INVX3              628     859.104    fast_vdd1v0 
INVX4               63     107.730    fast_vdd1v0 
INVX6               87     208.278    fast_vdd1v0 
INVX8               36     110.808    fast_vdd1v0 
INVXL              208     142.272    fast_vdd1v0 
MX2X1              117     280.098    fast_vdd1v0 
MX2X2                1       3.078    fast_vdd1v0 
MX2XL                1       2.394    fast_vdd1v0 
MXI2X1              14      38.304    fast_vdd1v0 
MXI2X2              33     146.718    fast_vdd1v0 
MXI2X4              18      92.340    fast_vdd1v0 
MXI2X6               8      41.040    fast_vdd1v0 
MXI2X8              16      98.496    fast_vdd1v0 
MXI2XL              18      43.092    fast_vdd1v0 
NAND2BX1           419     573.192    fast_vdd1v0 
NAND2BX2           165     395.010    fast_vdd1v0 
NAND2BX4           476    1790.712    fast_vdd1v0 
NAND2BXL            20      27.360    fast_vdd1v0 
NAND2X1            600     615.600    fast_vdd1v0 
NAND2X2            500     855.000    fast_vdd1v0 
NAND2X4           1579    5400.180    fast_vdd1v0 
NAND2X6           1570    7517.160    fast_vdd1v0 
NAND2X8           1853   10139.616    fast_vdd1v0 
NAND2XL             75      76.950    fast_vdd1v0 
NAND3BX1             4       8.208    fast_vdd1v0 
NAND3BX2             6      18.468    fast_vdd1v0 
NAND3BX4            24     123.120    fast_vdd1v0 
NAND3BXL             3       5.130    fast_vdd1v0 
NAND3X1             19      32.490    fast_vdd1v0 
NAND3X2              8      21.888    fast_vdd1v0 
NAND3X4             48     229.824    fast_vdd1v0 
NAND3X6             91     653.562    fast_vdd1v0 
NAND3X8            152    1247.616    fast_vdd1v0 
NAND4BBX2            1       5.472    fast_vdd1v0 
NAND4BBX4            1       7.866    fast_vdd1v0 
NAND4BX1             1       2.394    fast_vdd1v0 
NAND4BX2             1       4.446    fast_vdd1v0 
NAND4BX4             1       7.524    fast_vdd1v0 
NAND4X6              2      17.100    fast_vdd1v0 
NAND4X8              1      10.260    fast_vdd1v0 
NOR2BX1            377     515.736    fast_vdd1v0 
NOR2BX2            125     342.000    fast_vdd1v0 
NOR2BX4            308    1158.696    fast_vdd1v0 
NOR2X1             477     489.402    fast_vdd1v0 
NOR2X2             662    1132.020    fast_vdd1v0 
NOR2X4            1455    4478.490    fast_vdd1v0 
NOR2X6            1623    6660.792    fast_vdd1v0 
NOR2X8            2136   11688.192    fast_vdd1v0 
NOR2XL              44      45.144    fast_vdd1v0 
NOR3BX1              1       2.052    fast_vdd1v0 
NOR3BX2              6      20.520    fast_vdd1v0 
NOR3BX4             34     197.676    fast_vdd1v0 
NOR3BXL              3       6.156    fast_vdd1v0 
NOR3X1              21      35.910    fast_vdd1v0 
NOR3X2              14      38.304    fast_vdd1v0 
NOR3X4              52     266.760    fast_vdd1v0 
NOR3X6             100     718.200    fast_vdd1v0 
NOR3X8             312    2774.304    fast_vdd1v0 
NOR3XL               1       1.710    fast_vdd1v0 
NOR4BX1              1       2.394    fast_vdd1v0 
NOR4BX4              6      45.144    fast_vdd1v0 
NOR4X1               9      15.390    fast_vdd1v0 
NOR4X2               2       6.840    fast_vdd1v0 
NOR4X4               2      12.996    fast_vdd1v0 
NOR4X6               5      41.040    fast_vdd1v0 
NOR4X8              16     169.632    fast_vdd1v0 
OA21X1             102     209.304    fast_vdd1v0 
OA21X2               7      21.546    fast_vdd1v0 
OA21X4              38     142.956    fast_vdd1v0 
OA22X1              54     129.276    fast_vdd1v0 
OA22X2              19      64.980    fast_vdd1v0 
OA22X4              18      73.872    fast_vdd1v0 
OAI211X2             1       4.104    fast_vdd1v0 
OAI211X4           113     734.274    fast_vdd1v0 
OAI21X1            413     706.230    fast_vdd1v0 
OAI21X2            466    1434.348    fast_vdd1v0 
OAI21X4           1872    8963.136    fast_vdd1v0 
OAI21XL             57      97.470    fast_vdd1v0 
OAI221X4             9      70.794    fast_vdd1v0 
OAI22X1             61     125.172    fast_vdd1v0 
OAI22X2            125     427.500    fast_vdd1v0 
OAI22X4            427    2774.646    fast_vdd1v0 
OAI22XL              1       2.052    fast_vdd1v0 
OAI2BB1X1          115     196.650    fast_vdd1v0 
OAI2BB1X2           58     178.524    fast_vdd1v0 
OAI2BB1X4          187     831.402    fast_vdd1v0 
OAI2BB1XL            1       2.052    fast_vdd1v0 
OAI2BB2X1           16      65.664    fast_vdd1v0 
OAI2BB2X2           47     257.184    fast_vdd1v0 
OAI2BB2X4          127    1085.850    fast_vdd1v0 
OAI2BB2XL            1       3.762    fast_vdd1v0 
OAI31X1              6      12.312    fast_vdd1v0 
OAI31X2             17      63.954    fast_vdd1v0 
OAI31X4             35     239.400    fast_vdd1v0 
OAI32X1              3       7.182    fast_vdd1v0 
OAI32X2              4      17.784    fast_vdd1v0 
OAI32X4              3      24.624    fast_vdd1v0 
OR2X1              187     255.816    fast_vdd1v0 
OR2X2               46      78.660    fast_vdd1v0 
OR2X4               69     188.784    fast_vdd1v0 
OR2X6              177     665.874    fast_vdd1v0 
OR2X8                4      17.784    fast_vdd1v0 
OR3X1                6      12.312    fast_vdd1v0 
OR3X2                3       7.182    fast_vdd1v0 
OR3X4                5      15.390    fast_vdd1v0 
OR3X6               14      67.032    fast_vdd1v0 
OR3X8                1       5.472    fast_vdd1v0 
OR4X1               26      53.352    fast_vdd1v0 
SDFFRHQX1            2      16.416    fast_vdd1v0 
SDFFRHQX2            4      39.672    fast_vdd1v0 
TLATNTSCAX2         18     116.964    fast_vdd1v0 
XNOR2X1           2076    4969.944    fast_vdd1v0 
XNOR2X2            158     486.324    fast_vdd1v0 
XNOR2X4             56     210.672    fast_vdd1v0 
XNOR3X1             72     541.728    fast_vdd1v0 
XNOR3XL              8      60.192    fast_vdd1v0 
XOR2X2              35     119.700    fast_vdd1v0 
XOR2X4              32     131.328    fast_vdd1v0 
XOR2XL               2       5.472    fast_vdd1v0 
XOR3X1              50     376.200    fast_vdd1v0 
XOR3XL               2      15.048    fast_vdd1v0 
--------------------------------------------------
total            41367  152212.572                


                                                         
            Type             Instances    Area    Area % 
---------------------------------------------------------
sequential                         654   4350.582    2.9 
inverter                          6710  14396.490    9.5 
buffer                            2356   6721.326    4.4 
clock_gating_integrated_cell        18    116.964    0.1 
logic                            31629 126627.210   83.2 
physical_cells                       0      0.000    0.0 
---------------------------------------------------------
total                            41367 152212.572  100.0 

