============================================================
  Generated by:           Genus(TM) Synthesis Solution 21.14-s082_1
  Generated on:           Nov 05 2025  05:29:06 pm
  Module:                 rsa_top
  Technology libraries:   fast_vdd1v0 1.0
                          physical_cells 
  Operating conditions:   PVT_1P1V_0C 
  Interconnect mode:      global
  Area mode:              physical library
============================================================

-------------------------------------------------------------------------------
Inputs without clocked external delays

The following primary inputs have no clocked external delays.  As a result the  
timing paths leading from the ports have no timing constraints derived from     
clock waveforms.  The'external_delay' command is used to create new external    
delays.                                                                         

port:rsa_top/rst
-------------------------------------------------------------------------------

-------------------------------------------------------------------------------
Inputs without external driver/transition

The following primary inputs have no external driver or input transition set.   
As a result the transition on the ports will be assumed as zero. The            
'external_driver' attribute is used to add and external driver or the           
'fixed_slew' attribute to add an external transition.                           

port:rsa_top/araddr[0]
port:rsa_top/araddr[1]
port:rsa_top/araddr[2]
  ... 49 other warnings in this category.
 Use the -verbose option for more details.
-------------------------------------------------------------------------------


Lint summary
 Unconnected/logic driven clocks                                  0
 Sequential data pins driven by a clock signal                    0
 Sequential clock pins without clock waveform                     0
 Sequential clock pins with multiple clock waveforms              0
 Generated clocks without clock waveform                          0
 Generated clocks with incompatible options                       0
 Generated clocks with multi-master clock                         0
 Paths constrained with different clocks                          0
 Loop-breaking cells for combinational feedback                   0
 Nets with multiple drivers                                       0
 Timing exceptions with no effect                                 0
 Suspicious multi_cycle exceptions                                0
 Pins/ports with conflicting case constants                       0
 Inputs without clocked external delays                           1
 Outputs without clocked external delays                          0
 Inputs without external driver/transition                       52
 Outputs without external load                                    0
 Exceptions with invalid timing start-/endpoints                  0

                                                  Total:         53
