============================================================
  Generated by:           Genus(TM) Synthesis Solution 21.14-s082_1
  Generated on:           Nov 05 2025  05:29:08 pm
  Module:                 rsa_top
  Technology libraries:   fast_vdd1v0 1.0
                          physical_cells 
  Operating conditions:   PVT_1P1V_0C 
  Interconnect mode:      global
  Area mode:              physical library
============================================================

Timing
--------

Clock Period 
-------------
clk   5000.0 


        Cost          Critical              Violating 
       Group         Path Slack     TNS       Paths   
------------------------------------------------------
cg_enable_group_clk      3733.5        0.0          0 
clk                      -659.5   -84152.3        128 
default                No paths        0.0            
------------------------------------------------------
Total                             -84152.3        128 

Instance Count
--------------
Leaf Instance Count             41367 
Physical Instance count             0 
Sequential Instance Count         672 
Combinational Instance Count    40695 
Hierarchical Instance Count        21 

Area
----
Cell Area                          152212.572
Physical Cell Area                 0.000
Total Cell Area (Cell+Physical)    152212.572
Net Area                           46833.787
Total Area (Cell+Physical+Net)     199046.359

Max Fanout                         105 (slave/n_48)
Min Fanout                         0 (rready)
Average Fanout                     2.0
Terms to net ratio                 3.0463
Terms to instance ratio            3.1062
Runtime                            2532.9957 seconds
Elapsed Runtime                    2719 seconds
Genus peak memory usage            1982.41 
Innovus peak memory usage          no_value 
Hostname                           localhost
